<?xml version="1.0" encoding="UTF-8"?>
<coverage generated="1618057403766" clover="3.2.0">
  <project timestamp="1618057403766" name="All files">
    <metrics statements="15" coveredstatements="15" conditionals="4" coveredconditionals="3" methods="4" coveredmethods="4" elements="23" coveredelements="22" complexity="0" loc="15" ncloc="15" packages="1" files="1" classes="1"/>
    <file name="gradeCalculation.js" path="/home/mocha/Documents/Project/Javascript_Dasar/81_testing_jest/gradeCalculation.js">
      <metrics statements="15" coveredstatements="15" conditionals="4" coveredconditionals="3" methods="4" coveredmethods="4"/>
      <line num="1" count="1" type="stmt"/>
      <line num="3" count="16" type="stmt"/>
      <line num="4" count="4" type="cond" truecount="1" falsecount="1"/>
      <line num="6" count="4" type="stmt"/>
      <line num="12" count="12" type="stmt"/>
      <line num="15" count="4" type="stmt"/>
      <line num="20" count="1" type="stmt"/>
      <line num="21" count="2" type="stmt"/>
      <line num="23" count="2" type="stmt"/>
      <line num="25" count="2" type="cond" truecount="2" falsecount="0"/>
      <line num="26" count="1" type="stmt"/>
      <line num="27" count="1" type="stmt"/>
      <line num="29" count="1" type="stmt"/>
      <line num="30" count="1" type="stmt"/>
      <line num="34" count="1" type="stmt"/>
    </file>
  </project>
</coverage>
