{"/home/mocha/Documents/Project/Javascript_Dasar/81_testing_jest/gradeCalculation.js": {"path":"/home/mocha/Documents/Project/Javascript_Dasar/81_testing_jest/gradeCalculation.js","statementMap":{"0":{"start":{"line":1,"column":21},"end":{"line":17,"column":1}},"1":{"start":{"line":3,"column":29},"end":{"line":3,"column":79}},"2":{"start":{"line":3,"column":54},"end":{"line":3,"column":78}},"3":{"start":{"line":4,"column":4},"end":{"line":4,"column":60}},"4":{"start":{"line":4,"column":26},"end":{"line":4,"column":60}},"5":{"start":{"line":6,"column":22},"end":{"line":14,"column":5}},"6":{"start":{"line":12,"column":12},"end":{"line":12,"column":45}},"7":{"start":{"line":15,"column":4},"end":{"line":15,"column":40}},"8":{"start":{"line":20,"column":26},"end":{"line":32,"column":1}},"9":{"start":{"line":21,"column":22},"end":{"line":21,"column":24}},"10":{"start":{"line":23,"column":20},"end":{"line":23,"column":44}},"11":{"start":{"line":25,"column":4},"end":{"line":31,"column":5}},"12":{"start":{"line":26,"column":8},"end":{"line":26,"column":49}},"13":{"start":{"line":27,"column":8},"end":{"line":27,"column":19}},"14":{"start":{"line":29,"column":8},"end":{"line":29,"column":48}},"15":{"start":{"line":30,"column":8},"end":{"line":30,"column":20}},"16":{"start":{"line":34,"column":0},"end":{"line":34,"column":52}}},"fnMap":{"0":{"name":"(anonymous_0)","decl":{"start":{"line":1,"column":21},"end":{"line":1,"column":22}},"loc":{"start":{"line":1,"column":37},"end":{"line":17,"column":1}},"line":1},"1":{"name":"(anonymous_1)","decl":{"start":{"line":3,"column":46},"end":{"line":3,"column":47}},"loc":{"start":{"line":3,"column":54},"end":{"line":3,"column":78}},"line":3},"2":{"name":"(anonymous_2)","decl":{"start":{"line":6,"column":40},"end":{"line":6,"column":41}},"loc":{"start":{"line":6,"column":71},"end":{"line":13,"column":9}},"line":6},"3":{"name":"(anonymous_3)","decl":{"start":{"line":20,"column":26},"end":{"line":20,"column":27}},"loc":{"start":{"line":20,"column":48},"end":{"line":32,"column":1}},"line":20}},"branchMap":{"0":{"loc":{"start":{"line":4,"column":4},"end":{"line":4,"column":60}},"type":"if","locations":[{"start":{"line":4,"column":4},"end":{"line":4,"column":60}},{"start":{"line":4,"column":4},"end":{"line":4,"column":60}}],"line":4},"1":{"loc":{"start":{"line":25,"column":4},"end":{"line":31,"column":5}},"type":"if","locations":[{"start":{"line":25,"column":4},"end":{"line":31,"column":5}},{"start":{"line":25,"column":4},"end":{"line":31,"column":5}}],"line":25}},"s":{"0":1,"1":4,"2":16,"3":4,"4":0,"5":4,"6":12,"7":4,"8":1,"9":2,"10":2,"11":2,"12":1,"13":1,"14":1,"15":1,"16":1},"f":{"0":4,"1":16,"2":12,"3":2},"b":{"0":[0,4],"1":[1,1]},"_coverageSchema":"1a1c01bbd47fc00a2c39e90264f33305004495a9","hash":"5efb36661c5d18eca5fa951810f5138707b690bd"}
}
